DEBUG main class sk.insomnia.rowingRace.so.Performance - team set to :xxx
DEBUG main class sk.insomnia.rowingRace.so.Performance - final distance set to :1000
DEBUG main class sk.insomnia.rowingRace.so.Performance - final time set to :240.0
DEBUG main class sk.insomnia.rowingRace.so.Performance - team set to :xxx
DEBUG main class sk.insomnia.rowingRace.so.Performance - final distance set to :1000
DEBUG main class sk.insomnia.rowingRace.so.Performance - final time set to :240.0
DEBUG main class sk.insomnia.rowingRace.dao.jdbc.PerformanceDaoImpl - going to save update performance
DEBUG main class sk.insomnia.rowingRace.service.impl.RowingRaceDataFileService - reading of single performance from encrypted XML failed
DEBUG main class sk.insomnia.rowingRace.service.impl.RowingRaceDataFileService - reading of single performance from unencrypted XML failed
DEBUG main class sk.insomnia.rowingRace.service.impl.RowingRaceDataFileService - reading of single performance from encrypted XML failed
DEBUG main class sk.insomnia.rowingRace.service.impl.RowingRaceDataFileService - reading of single performance from unencrypted XML failed
DEBUG main class sk.insomnia.rowingRace.service.impl.RowingRaceDataFileService - reading of single performance from encrypted XML failed
DEBUG main class sk.insomnia.rowingRace.service.impl.RowingRaceDataFileService - reading of single performance from unencrypted XML failed
DEBUG main class sk.insomnia.rowingRace.service.impl.RowingRaceDataFileService - reading of single performance from encrypted XML failed
DEBUG main class sk.insomnia.rowingRace.so.Performance - race round set to :4 x 250 m (1x1000)
DEBUG main class sk.insomnia.rowingRace.so.Performance - race round set to :4 x 250 m (1x1000)
DEBUG main class sk.insomnia.rowingRace.service.impl.RowingRaceDataFileService - reading of single performance from unencrypted XML failed
DEBUG main class sk.insomnia.rowingRace.service.impl.RowingRaceDataFileService - reading of single performance from encrypted XML failed
DEBUG main class sk.insomnia.rowingRace.so.Performance - race round set to :4 x 250 m (1x1000)
DEBUG main class sk.insomnia.rowingRace.so.Performance - race round set to :4 x 250 m (1x1000)
DEBUG main class sk.insomnia.rowingRace.service.impl.RowingRaceDataFileService - reading of single performance from unencrypted XML failed
DEBUG main class sk.insomnia.rowingRace.service.impl.RowingRaceDataFileService - reading of single performance from encrypted XML failed
DEBUG main class sk.insomnia.rowingRace.so.Performance - race round set to :4 x 250 m (1x1000)
DEBUG main class sk.insomnia.rowingRace.so.Performance - race round set to :4 x 250 m (1x1000)
DEBUG main class sk.insomnia.rowingRace.so.Performance - race round set to :4 x 250 m (1x1000)
DEBUG main class sk.insomnia.rowingRace.so.Performance - race round set to :4 x 250 m (1x1000)
DEBUG main class sk.insomnia.rowingRace.dao.jdbc.PerformanceDaoImpl - going to save performance
DEBUG main class sk.insomnia.rowingRace.dao.jdbc.PerformanceDaoImpl - performance saved
DEBUG main class sk.insomnia.rowingRace.dao.jdbc.PerformanceDaoImpl - going to save performance paramters (count:0)
DEBUG main class sk.insomnia.rowingRace.dao.jdbc.PerformanceDaoImpl - performance paramters saved
DEBUG main class sk.insomnia.rowingRace.service.impl.RowingRaceDataFileService - reading of single performance from unencrypted XML failed
DEBUG main class sk.insomnia.rowingRace.service.impl.RowingRaceDataFileService - reading of single performance from encrypted XML failed
DEBUG main class sk.insomnia.rowingRace.so.Performance - race round set to :4 x 250 m (1x1000)
DEBUG main class sk.insomnia.rowingRace.so.Performance - race round set to :4 x 250 m (1x1000)
DEBUG main class sk.insomnia.rowingRace.service.impl.RowingRaceDataFileService - reading of single performance from unencrypted XML failed
DEBUG main class sk.insomnia.rowingRace.service.impl.RowingRaceDataFileService - reading of single performance from encrypted XML failed
DEBUG main class sk.insomnia.rowingRace.service.impl.RowingRaceDataFileService - reading of single performance from unencrypted XML failed
DEBUG main class sk.insomnia.rowingRace.service.impl.RowingRaceDataFileService - reading of single performance from encrypted XML failed
DEBUG main class sk.insomnia.rowingRace.so.Performance - race round set to :4 x 250 m (1x1000)
DEBUG main class sk.insomnia.rowingRace.so.Performance - race round set to :4 x 250 m (1x1000)
DEBUG main class sk.insomnia.rowingRace.service.impl.RowingRaceDataFileService - reading of single performance from unencrypted XML failed
DEBUG main class sk.insomnia.rowingRace.service.impl.RowingRaceDataFileService - reading of single performance from encrypted XML failed
DEBUG main class sk.insomnia.rowingRace.service.impl.RowingRaceDataFileService - reading of single performance from unencrypted XML failed
DEBUG main class sk.insomnia.rowingRace.service.impl.RowingRaceDataFileService - reading of single performance from encrypted XML failed
DEBUG main class sk.insomnia.rowingRace.so.Performance - race round set to :4 x 250 m (1x1000)
DEBUG main class sk.insomnia.rowingRace.so.Performance - race round set to :4 x 250 m (1x1000)
11/19 20:25:50,835 DEBUG main class sk.insomnia.rowingRace.service.impl.RowingRaceDataFileService - reading of single performance from encrypted XML failed
11/19 20:25:50,835 DEBUG main class sk.insomnia.rowingRace.service.impl.RowingRaceDataFileService - reading of single performance from unencrypted XML failed
11/19 20:25:50,835 DEBUG main class sk.insomnia.rowingRace.service.impl.RowingRaceDataFileService - performances file doesn't exist yet
05/15 20:54:56,233 DEBUG main class sk.insomnia.rowingRace.service.impl.RowingRaceDataFileService - reading of single performance from encrypted XML failed
05/15 20:54:56,234 DEBUG main class sk.insomnia.rowingRace.service.impl.RowingRaceDataFileService - reading of single performance from unencrypted XML failed
05/15 20:54:56,234 DEBUG main class sk.insomnia.rowingRace.service.impl.RowingRaceDataFileService - performances file doesn't exist yet
06/25 19:56:01,768 DEBUG main class sk.insomnia.rowingRace.service.impl.RowingRaceDataFileService - reading of single performance from encrypted XML failed
06/25 19:56:01,769 DEBUG main class sk.insomnia.rowingRace.service.impl.RowingRaceDataFileService - reading of single performance from unencrypted XML failed
06/25 19:56:01,769 DEBUG main class sk.insomnia.rowingRace.service.impl.RowingRaceDataFileService - performances file doesn't exist yet
06/29 14:16:27,084 DEBUG main class sk.insomnia.rowingRace.service.impl.RowingRaceDataFileService - reading of single performance from encrypted XML failed
06/29 14:16:27,093 DEBUG main class sk.insomnia.rowingRace.service.impl.RowingRaceDataFileService - reading of single performance from unencrypted XML failed
06/29 14:16:27,093 DEBUG main class sk.insomnia.rowingRace.service.impl.RowingRaceDataFileService - performances file doesn't exist yet
07/02 08:20:54,857 DEBUG main class sk.insomnia.rowingRace.service.impl.RowingRaceDataFileService - reading of single performance from encrypted XML failed
07/02 08:20:54,858 DEBUG main class sk.insomnia.rowingRace.service.impl.RowingRaceDataFileService - reading of single performance from unencrypted XML failed
07/02 08:20:54,858 DEBUG main class sk.insomnia.rowingRace.service.impl.RowingRaceDataFileService - performances file doesn't exist yet
07/02 17:19:11,364 DEBUG main class sk.insomnia.rowingRace.service.impl.RowingRaceDataFileService - reading of single performance from encrypted XML failed
07/02 17:19:11,393 DEBUG main class sk.insomnia.rowingRace.service.impl.RowingRaceDataFileService - reading of single performance from unencrypted XML failed
07/02 17:19:11,393 DEBUG main class sk.insomnia.rowingRace.service.impl.RowingRaceDataFileService - performances file doesn't exist yet
07/02 18:03:55,235 DEBUG main class sk.insomnia.rowingRace.service.impl.RowingRaceDataFileService - reading of single performance from encrypted XML failed
07/02 18:03:55,236 DEBUG main class sk.insomnia.rowingRace.service.impl.RowingRaceDataFileService - reading of single performance from unencrypted XML failed
07/02 18:03:55,236 DEBUG main class sk.insomnia.rowingRace.service.impl.RowingRaceDataFileService - performances file doesn't exist yet
07/02 18:10:08,837 DEBUG main class sk.insomnia.rowingRace.service.impl.RowingRaceDataFileService - reading of single performance from encrypted XML failed
07/02 18:10:08,838 DEBUG main class sk.insomnia.rowingRace.service.impl.RowingRaceDataFileService - reading of single performance from unencrypted XML failed
07/02 18:10:08,838 DEBUG main class sk.insomnia.rowingRace.service.impl.RowingRaceDataFileService - performances file doesn't exist yet
07/02 21:09:09,294 DEBUG main class sk.insomnia.rowingRace.service.impl.RowingRaceDataFileService - reading of single performance from encrypted XML failed
07/02 21:09:09,294 DEBUG main class sk.insomnia.rowingRace.service.impl.RowingRaceDataFileService - reading of single performance from unencrypted XML failed
07/02 21:09:09,295 DEBUG main class sk.insomnia.rowingRace.service.impl.RowingRaceDataFileService - performances file doesn't exist yet
07/15 22:36:25,352 DEBUG main class sk.insomnia.rowingRace.service.impl.RowingRaceDataFileService - reading of single performance from encrypted XML failed
07/15 22:36:25,365 DEBUG main class sk.insomnia.rowingRace.service.impl.RowingRaceDataFileService - reading of single performance from unencrypted XML failed
07/15 22:36:25,365 DEBUG main class sk.insomnia.rowingRace.service.impl.RowingRaceDataFileService - performances file doesn't exist yet
07/30 19:58:17,209 DEBUG main class sk.insomnia.rowingRace.service.impl.RowingRaceDataFileService - reading of single performance from encrypted XML failed
07/30 19:58:17,220 DEBUG main class sk.insomnia.rowingRace.service.impl.RowingRaceDataFileService - reading of single performance from unencrypted XML failed
07/30 19:58:17,221 DEBUG main class sk.insomnia.rowingRace.service.impl.RowingRaceDataFileService - performances file doesn't exist yet
07/30 22:00:11,228 DEBUG main class sk.insomnia.rowingRace.service.impl.RowingRaceDataFileService - reading of single performance from encrypted XML failed
07/30 22:00:11,228 DEBUG main class sk.insomnia.rowingRace.service.impl.RowingRaceDataFileService - reading of single performance from unencrypted XML failed
07/30 22:00:11,229 DEBUG main class sk.insomnia.rowingRace.service.impl.RowingRaceDataFileService - performances file doesn't exist yet
08/03 12:36:24,046 DEBUG main class sk.insomnia.rowingRace.service.impl.RowingRaceDataFileService - reading of single performance from encrypted XML failed
08/03 12:36:24,049 DEBUG main class sk.insomnia.rowingRace.service.impl.RowingRaceDataFileService - reading of single performance from unencrypted XML failed
08/03 12:36:24,049 DEBUG main class sk.insomnia.rowingRace.service.impl.RowingRaceDataFileService - performances file doesn't exist yet
